<?xml version="1.0" encoding="UTF-8"?>
<!-- Generated by org.testng.reporters.JUnitReportReporter -->
<testsuite hostname="Khoa-THINK" name="com.topicMe.user.service.UserServiceTest" tests="1" failures="0" timestamp="18 Aug 2013 00:07:12 GMT" time="0.221" errors="0">
  <testcase name="firstTest" time="0.221" classname="com.topicMe.user.service.UserServiceTest"/>
</testsuite>
