<?xml version="1.0" encoding="UTF-8"?>
<!-- Generated by org.testng.reporters.JUnitReportReporter -->
<testsuite hostname="Khoa-THINK" name="example.lucene.LunceneIndexWriterTest" tests="1" failures="0" timestamp="22 Jul 2013 20:45:05 GMT" time="5.188" errors="0">
  <testcase name="testMemIndex" time="5.188" classname="example.lucene.LunceneIndexWriterTest"/>
</testsuite> <!-- example.lucene.LunceneIndexWriterTest -->
