<?xml version="1.0" encoding="UTF-8"?>
<!-- Generated by org.testng.reporters.JUnitReportReporter -->
<testsuite hostname="Khoa-THINK" name="com.topicMe.user.service.UserServiceTest" tests="1" failures="0" timestamp="15 Apr 2013 05:15:16 GMT" time="0.177" errors="0">
  <testcase name="firstTest" time="0.177" classname="com.topicMe.user.service.UserServiceTest"/>
</testsuite> <!-- com.topicMe.user.service.UserServiceTest -->
