<?xml version="1.0" encoding="UTF-8"?>
<!-- Generated by org.testng.reporters.JUnitReportReporter -->
<testsuite hostname="Khoa-THINK" name="com.topicMe.tika.ExtractHTMLTest" tests="1" failures="0" timestamp="24 Jun 2013 03:43:40 GMT" time="102.951" errors="0">
  <testcase name="testExtractPDF" time="102.951" classname="com.topicMe.tika.ExtractHTMLTest"/>
</testsuite> <!-- com.topicMe.tika.ExtractHTMLTest -->
