<?xml version="1.0" encoding="UTF-8"?>
<!-- Generated by org.testng.reporters.JUnitReportReporter -->
<testsuite hostname="Khoa-THINK" name="com.topicMe.businessdomain.dao.BoardDAOImplTest" tests="3" failures="0" timestamp="20 Apr 2013 23:44:25 GMT" time="0.253" errors="0">
  <testcase name="testPersistBoardWithTopic" time="0.017" classname="com.topicMe.businessdomain.dao.BoardDAOImplTest"/>
  <testcase name="testMultipleTopicsWithSameBoard" time="0.231" classname="com.topicMe.businessdomain.dao.BoardDAOImplTest"/>
  <testcase name="testPersistBoard" time="0.005" classname="com.topicMe.businessdomain.dao.BoardDAOImplTest"/>
</testsuite> <!-- com.topicMe.businessdomain.dao.BoardDAOImplTest -->
